-------------------------------------------------------------------------------
Test set: com.example.spring1.suite.BaseTest
-------------------------------------------------------------------------------
Tests run: 1, Failures: 0, Errors: 1, Skipped: 0, Time elapsed: 0 s <<< FAILURE! - in com.example.spring1.suite.BaseTest
initializationError(com.example.spring1.suite.BaseTest)  Time elapsed: 0 s  <<< ERROR!
java.lang.Exception: No runnable methods

